<?xml version="1.0" encoding="UTF-8"?>
<testsuite name="com.gyanly.blog.estore.service.UserServiceTest" tests="1" skipped="0" failures="0" errors="0" timestamp="2022-11-15T10:15:45" hostname="GYAN" time="0.717">
  <properties/>
  <testcase name="testCreateUser_whenUserDetailsProvided_returnsUserObject()" classname="com.gyanly.blog.estore.service.UserServiceTest" time="0.717"/>
  <system-out><![CDATA[]]></system-out>
  <system-err><![CDATA[]]></system-err>
</testsuite>
